<protocol name="background">
   <interface name="background" version="1">
      <description summary="set background surface">
         Allows setting background surface.
         This is example interface, weston tree contains more fully featured desktop-shell interface.
      </description>

      <request name="set_background">
         <arg name="output" type="object" interface="wl_output"/>
         <arg name="surface" type="object" interface="wl_surface"/>
      </request>
   </interface>
</protocol>
